<?xml version="1.0" encoding="UTF-8"?>
<!-- Generated by org.testng.reporters.JUnitReportReporter -->
<testsuite hostname="Zedo-7" name="Qa.Login" tests="2" failures="0" timestamp="23 May 2019 09:51:09 GMT" time="16.044" errors="0">
  <testcase name="firstTest" time="4.965" classname="Qa.Login"/>
  <testcase name="firstTest" time="11.079" classname="Qa.Login"/>
</testsuite> <!-- Qa.Login -->
