<?xml version="1.0" encoding="UTF-8"?>
<!-- Generated by org.testng.reporters.JUnitReportReporter -->
<testsuite hostname="Zedo-7" name="Qa.ValidateTabs" tests="1" failures="0" timestamp="23 May 2019 09:51:09 GMT" time="0.145" errors="0">
  <testcase name="validateTabs" time="0.145" classname="Qa.ValidateTabs"/>
</testsuite> <!-- Qa.ValidateTabs -->
