<?xml version="1.0" encoding="UTF-8"?>
<!-- Generated by org.testng.reporters.JUnitReportReporter -->
<testsuite name="Qa.Base" tests="1" time="4.552" ignored="0" failures="0" timestamp="20 May 2019 13:44:20 GMT" skipped="0" hostname="Zedo-7" errors="0">
  <testcase name="intializeDriver" time="4.552" classname="Qa.Base"/>
</testsuite> <!-- Qa.Base -->
