<?xml version="1.0" encoding="UTF-8"?>
<!-- Generated by org.testng.reporters.JUnitReportReporter -->
<testsuite name="Qa.HomePage" tests="2" time="29.032" ignored="0" failures="0" timestamp="21 May 2019 11:19:02 GMT" skipped="0" hostname="Zedo-7" errors="0">
  <testcase name="firstTest" time="14.420" classname="Qa.HomePage"/>
  <testcase name="firstTest" time="14.612" classname="Qa.HomePage"/>
</testsuite> <!-- Qa.HomePage -->
